Added Component: Designator=U?(EC200U)
Added Pin To Net: NetName=VDD_EXT Pin=U?-7
Added Pin To Net: NetName=GND Pin=U?-8
Added Pin To Net: NetName=GND Pin=U?-9
Added Pin To Net: NetName=GND Pin=U?-10
Added Pin To Net: NetName=USIM_VDD Pin=U?-14
Added Pin To Net: NetName=USIM_DATA Pin=U?-15
Added Pin To Net: NetName=USIM_CLK Pin=U?-16
Added Pin To Net: NetName=USIM_RST Pin=U?-17
Added Pin To Net: NetName=GND Pin=U?-19
Added Pin To Net: NetName=RESET_N Pin=U?-20
Added Pin To Net: NetName=NetR1_2 Pin=U?-21
Added Pin To Net: NetName=NetC1_1 Pin=U?-27
Added Pin To Net: NetName=NetC2_1 Pin=U?-32
Added Pin To Net: NetName=GND Pin=U?-36
Added Pin To Net: NetName=NetC3_1 Pin=U?-41
Added Pin To Net: NetName=GND Pin=U?-46
Added Pin To Net: NetName=GND Pin=U?-48
Added Pin To Net: NetName=ANT_MAIN Pin=U?-49
Added Pin To Net: NetName=GND Pin=U?-50
Added Pin To Net: NetName=GND Pin=U?-51
Added Pin To Net: NetName=GND Pin=U?-52
Added Pin To Net: NetName=GND Pin=U?-53
Added Pin To Net: NetName=GND Pin=U?-54
Added Pin To Net: NetName=GND Pin=U?-56
Added Pin To Net: NetName=+3.8V_MAIN Pin=U?-57
Added Pin To Net: NetName=+3.8V_MAIN Pin=U?-58
Added Pin To Net: NetName=+3.8V_MAIN Pin=U?-59
Added Pin To Net: NetName=+3.8V_MAIN Pin=U?-60
Added Pin To Net: NetName=TXD_3G Pin=U?-67
Added Pin To Net: NetName=RXD_3G Pin=U?-68
Added Pin To Net: NetName=GND Pin=U?-72
Added Pin To Net: NetName=GND Pin=U?-85
Added Pin To Net: NetName=GND Pin=U?-86
Added Pin To Net: NetName=GND Pin=U?-87
Added Pin To Net: NetName=GND Pin=U?-88
Added Pin To Net: NetName=GND Pin=U?-89
Added Pin To Net: NetName=GND Pin=U?-90
Added Pin To Net: NetName=GND Pin=U?-91
Added Pin To Net: NetName=GND Pin=U?-92
Added Pin To Net: NetName=GND Pin=U?-93
Added Pin To Net: NetName=GND Pin=U?-94
Added Pin To Net: NetName=GND Pin=U?-95
Added Pin To Net: NetName=GND Pin=U?-96
Added Pin To Net: NetName=GND Pin=U?-97
Added Pin To Net: NetName=GND Pin=U?-98
Added Pin To Net: NetName=GND Pin=U?-99
Added Pin To Net: NetName=GND Pin=U?-100
Added Pin To Net: NetName=GND Pin=U?-101
Added Pin To Net: NetName=GND Pin=U?-102
Added Pin To Net: NetName=GND Pin=U?-103
Added Pin To Net: NetName=GND Pin=U?-104
Added Pin To Net: NetName=GND Pin=U?-105
Added Pin To Net: NetName=GND Pin=U?-106
Added Pin To Net: NetName=GND Pin=U?-107
Added Pin To Net: NetName=GND Pin=U?-108
Added Pin To Net: NetName=GND Pin=U?-109
Added Pin To Net: NetName=GND Pin=U?-110
Added Pin To Net: NetName=GND Pin=U?-111
Added Pin To Net: NetName=GND Pin=U?-112
Added Member To Class: ClassName=SIM4G_EC200S Member=Component U? EC200S
Added Room: Name=SIM4G_EC200S
