Added Component: Designator=U1(BC660KGL)
Add component (AddParameter): Name = "Arrow Part Number"; Value = ""; VariantName = "[No Variations]"
Add component (AddParameter): Name = "Arrow Price/Stock"; Value = ""; VariantName = "[No Variations]"
Add component (AddParameter): Name = "Datasheet Link"; Value = "https://www.quectel.com/wp-content/uploads/2021/04/Quectel_BC660K-GL_Hardware_Design_V1.0.pdf"; VariantName = "[No Variations]"
Add component (AddParameter): Name = "Geometry.Height"; Value = "2.2mm"; VariantName = "[No Variations]"
Add component (AddParameter): Name = "Manufacturer_Name"; Value = "Quectel"; VariantName = "[No Variations]"
Add component (AddParameter): Name = "Manufacturer_Part_Number"; Value = "BC660K-GL"; VariantName = "[No Variations]"
Add component (AddParameter): Name = "Mouser Part Number"; Value = ""; VariantName = "[No Variations]"
Add component (AddParameter): Name = "Mouser Price/Stock"; Value = ""; VariantName = "[No Variations]"
Add component (AddParameter): Name = "Mouser Testing Part Number"; Value = ""; VariantName = "[No Variations]"
Add component (AddParameter): Name = "Mouser Testing Price/Stock"; Value = ""; VariantName = "[No Variations]"
Added Pin To Net: NetName=VBAT Pin=C5-1
Added Pin To Net: NetName=GND Pin=C5-2
Added Pin To Net: NetName=TESTPOINT Pin=U1-2
Added Pin To Net: NetName=BOOT Pin=U1-7
Added Pin To Net: NetName=USIM_DATA Pin=U1-11
Added Pin To Net: NetName=USIM_RST Pin=U1-12
Added Pin To Net: NetName=USIM_CLK Pin=U1-13
Added Pin To Net: NetName=USIM_VDD Pin=U1-14
Added Pin To Net: NetName=RESET_N Pin=U1-15
Added Pin To Net: NetName=NETLIGHT Pin=U1-16
Added Pin To Net: NetName=MAIN_TXD Pin=U1-17
Added Pin To Net: NetName=MAIN_RXD Pin=U1-18
Added Pin To Net: NetName=PSM_EINT Pin=U1-19
Added Pin To Net: NetName=RI Pin=U1-20
Added Pin To Net: NetName=VCC Pin=U1-24
Added Pin To Net: NetName=GND Pin=U1-27
Added Pin To Net: NetName=GND Pin=U1-34
Added Pin To Net: NetName=ANT_MAIN Pin=U1-35
Added Pin To Net: NetName=GND Pin=U1-36
Added Pin To Net: NetName=GND Pin=U1-37
Added Pin To Net: NetName=DBG_RXD Pin=U1-38
Added Pin To Net: NetName=DBG_TXD Pin=U1-39
Added Pin To Net: NetName=GND Pin=U1-40
Added Pin To Net: NetName=GND Pin=U1-41
Added Pin To Net: NetName=VBAT Pin=U1-42
Added Pin To Net: NetName=VBAT Pin=U1-43
Added Pin To Net: NetName=NetR1_1 Pin=U1-52
Added Pin To Net: NetName=GND Pin=U1-56
Added Pin To Net: NetName=GND Pin=U1-57
Added Pin To Net: NetName=GND Pin=U1-58
Added Member To Class: ClassName=SIM_NB_IoT Member=Component C9 101/50V/0603
Added Member To Class: ClassName=SIM_NB_IoT Member=Component U1 BC660K-GL
